2020-07-01 00:45:36,629 - bin.NSD_Init - DEBUG - database name: detector_db
2020-07-01 00:45:36,629 - bin.NSD_Init - INFO - Starting as daemon..
2020-07-01 00:45:38,606 - bin.NSD_ML - INFO - Classifier loaded.
2020-07-01 00:45:38,610 - bin.NSD_Network - INFO - Opening socket..
2020-07-01 00:45:38,631 - bin.NSD_Network - INFO - Socket open!
2020-07-01 00:45:38,631 - bin.NSD_Init - INFO - Starting up the monitor process...
2020-07-01 00:45:38,638 - bin.NSD_Init - INFO - NSD_Monitor started!
2020-07-01 00:45:38,638 - bin.NSD_Init - INFO - Starting up the TCP processing process...
2020-07-01 00:45:38,638 - bin.NSD_Init - INFO - Starting 0 TCP process..
2020-07-01 00:45:38,645 - bin.NSD_Init - INFO - Starting 1 TCP process..
2020-07-01 00:45:38,650 - bin.NSD_Monitor - INFO - ------------------------ PACKET LIVE REPORT -------------------------
2020-07-01 00:45:38,650 - bin.NSD_Monitor - INFO - -- Read:
2020-07-01 00:45:38,650 - bin.NSD_Monitor - INFO -    TCP|UDP|RTP|ICMP|ERROR|TOTAL: 0|0|0|0|0
2020-07-01 00:45:38,650 - bin.NSD_Monitor - INFO - -- Inserted into the database:
2020-07-01 00:45:38,650 - bin.NSD_Monitor - INFO -    TCP|UDP|RTP|ICMP|ERROR|TOTAL: 0|0|0|0|0
2020-07-01 00:45:38,650 - bin.NSD_Monitor - INFO - -- Conversations identified:
2020-07-01 00:45:38,650 - bin.NSD_Monitor - INFO -    TCP|UDP|RTP|ICMP|TOTAL: 0|0|0|0
2020-07-01 00:45:38,650 - bin.NSD_Monitor - INFO - 
2020-07-01 00:45:38,651 - bin.NSD_Init - INFO - Starting 2 TCP process..
2020-07-01 00:45:38,658 - bin.NSD_Init - INFO - Starting 3 TCP process..
2020-07-01 00:45:38,665 - bin.NSD_Init - INFO - Starting 4 TCP process..
2020-07-01 00:45:38,671 - bin.NSD_Init - INFO - Starting 5 TCP process..
2020-07-01 00:45:38,678 - bin.NSD_Init - INFO - Starting 6 TCP process..
2020-07-01 00:45:38,684 - bin.NSD_Init - INFO - Starting 7 TCP process..
2020-07-01 00:45:38,691 - bin.NSD_Init - INFO - Starting 8 TCP process..
2020-07-01 00:45:38,698 - bin.NSD_Init - INFO - Starting 9 TCP process..
2020-07-01 00:45:38,704 - bin.NSD_Init - INFO - TCP processing started!
2020-07-01 00:45:38,705 - bin.NSD_Init - INFO - Starting up the UDP processing process...
2020-07-01 00:45:38,705 - bin.NSD_Init - INFO - Starting 0 UDP process..
2020-07-01 00:45:38,711 - bin.NSD_Init - INFO - Starting 1 UDP process..
2020-07-01 00:45:38,718 - bin.NSD_Init - INFO - Starting 2 UDP process..
2020-07-01 00:45:38,724 - bin.NSD_Init - INFO - Starting 3 UDP process..
2020-07-01 00:45:38,731 - bin.NSD_Init - INFO - Starting 4 UDP process..
2020-07-01 00:45:38,738 - bin.NSD_Init - INFO - UDP processing started!
2020-07-01 00:45:38,738 - bin.NSD_Init - INFO - Starting up the ICMP processing process...
2020-07-01 00:45:38,738 - bin.NSD_Init - INFO - Starting 0 ICMP process..
2020-07-01 00:45:38,745 - bin.NSD_Init - INFO - ICMP processing started!
2020-07-01 00:45:38,745 - bin.NSD_Init - INFO - Starting ICMP Flows process..
2020-07-01 00:45:38,751 - bin.NSD_Init - INFO - ICMP Flows started!
2020-07-01 00:45:38,752 - bin.NSD_Init - INFO - Starting TCP Flows process..
2020-07-01 00:45:38,757 - bin.NSD_Database - INFO - Accessing database..
2020-07-01 00:45:38,759 - bin.NSD_Init - INFO - TCP Flows started!
2020-07-01 00:45:38,759 - bin.NSD_Init - INFO - Starting UDP Flows process..
2020-07-01 00:45:38,763 - bin.NSD_Database - DEBUG - Database(MongoClient(host=['127.0.0.1:27017'], document_class=dict, tz_aware=False, connect=True), 'detector_db')
2020-07-01 00:45:38,763 - bin.NSD_Database - INFO - NSD_Database ready!
2020-07-01 00:45:38,766 - bin.NSD_Init - INFO - UDP Flows started!
2020-07-01 00:45:38,766 - bin.NSD_Init - INFO - Starting RTP Flows process..
2020-07-01 00:45:38,773 - bin.NSD_Init - INFO - RTP Flows started!
2020-07-01 00:45:38,773 - bin.NSD_Init - INFO - Starting up the network process...
2020-07-01 00:45:38,774 - bin.NSD_Network - INFO - Ready to receive packets!
2020-07-01 00:45:38,774 - bin.NSD_Init - INFO - NSD_Network started!
2020-07-01 00:45:38,788 - bin.NSD_Init - INFO - ML Analyze mode started!
2020-07-01 00:45:38,788 - bin.NSD_Init - INFO - waiting for processing packets..
2020-07-01 00:45:38,811 - bin.NSD_Database - INFO - Accessing database..
2020-07-01 00:45:38,813 - bin.NSD_Database - DEBUG - Database(MongoClient(host=['127.0.0.1:27017'], document_class=dict, tz_aware=False, connect=True), 'detector_db')
2020-07-01 00:45:38,813 - bin.NSD_Database - INFO - NSD_Database ready!
2020-07-01 00:45:38,824 - bin.NSD_Database - INFO - Accessing database..
2020-07-01 00:45:38,826 - bin.NSD_Database - DEBUG - Database(MongoClient(host=['127.0.0.1:27017'], document_class=dict, tz_aware=False, connect=True), 'detector_db')
2020-07-01 00:45:38,826 - bin.NSD_Database - INFO - NSD_Database ready!
2020-07-01 00:45:38,836 - bin.NSD_Database - INFO - Accessing database..
2020-07-01 00:45:38,838 - bin.NSD_Database - DEBUG - Database(MongoClient(host=['127.0.0.1:27017'], document_class=dict, tz_aware=False, connect=True), 'detector_db')
2020-07-01 00:45:38,839 - bin.NSD_Database - INFO - NSD_Database ready!
2020-07-01 00:45:38,849 - bin.NSD_Database - INFO - Accessing database..
2020-07-01 00:45:38,852 - bin.NSD_Database - DEBUG - Database(MongoClient(host=['127.0.0.1:27017'], document_class=dict, tz_aware=False, connect=True), 'detector_db')
2020-07-01 00:45:38,852 - bin.NSD_Database - INFO - NSD_Database ready!
2020-07-01 00:45:38,855 - bin.NSD_Database - INFO - Accessing database..
2020-07-01 00:45:38,857 - bin.NSD_Database - DEBUG - Database(MongoClient(host=['127.0.0.1:27017'], document_class=dict, tz_aware=False, connect=True), 'detector_db')
2020-07-01 00:45:38,857 - bin.NSD_Database - INFO - NSD_Database ready!
2020-07-01 00:45:38,863 - bin.NSD_Database - INFO - Accessing database..
2020-07-01 00:45:38,865 - bin.NSD_Database - DEBUG - Database(MongoClient(host=['127.0.0.1:27017'], document_class=dict, tz_aware=False, connect=True), 'detector_db')
2020-07-01 00:45:38,866 - bin.NSD_Database - INFO - NSD_Database ready!
2020-07-01 00:45:38,869 - bin.NSD_Database - INFO - Accessing database..
2020-07-01 00:45:38,871 - bin.NSD_Database - DEBUG - Database(MongoClient(host=['127.0.0.1:27017'], document_class=dict, tz_aware=False, connect=True), 'detector_db')
2020-07-01 00:45:38,871 - bin.NSD_Database - INFO - NSD_Database ready!
2020-07-01 00:45:38,873 - bin.NSD_Database - INFO - Accessing database..
2020-07-01 00:45:38,874 - bin.NSD_Database - INFO - Accessing database..
2020-07-01 00:45:38,876 - bin.NSD_Database - DEBUG - Database(MongoClient(host=['127.0.0.1:27017'], document_class=dict, tz_aware=False, connect=True), 'detector_db')
2020-07-01 00:45:38,876 - bin.NSD_Database - INFO - NSD_Database ready!
2020-07-01 00:45:38,877 - bin.NSD_Database - DEBUG - Database(MongoClient(host=['127.0.0.1:27017'], document_class=dict, tz_aware=False, connect=True), 'detector_db')
2020-07-01 00:45:38,877 - bin.NSD_Database - INFO - NSD_Database ready!
2020-07-01 00:45:38,880 - bin.NSD_Database - INFO - Accessing database..
2020-07-01 00:45:38,882 - bin.NSD_Database - DEBUG - Database(MongoClient(host=['127.0.0.1:27017'], document_class=dict, tz_aware=False, connect=True), 'detector_db')
2020-07-01 00:45:38,882 - bin.NSD_Database - INFO - NSD_Database ready!
2020-07-01 00:45:38,886 - bin.NSD_Database - INFO - Accessing database..
2020-07-01 00:45:38,887 - bin.NSD_Database - INFO - Accessing database..
2020-07-01 00:45:38,889 - bin.NSD_Database - DEBUG - Database(MongoClient(host=['127.0.0.1:27017'], document_class=dict, tz_aware=False, connect=True), 'detector_db')
2020-07-01 00:45:38,889 - bin.NSD_Database - INFO - NSD_Database ready!
2020-07-01 00:45:38,890 - bin.NSD_Database - DEBUG - Database(MongoClient(host=['127.0.0.1:27017'], document_class=dict, tz_aware=False, connect=True), 'detector_db')
2020-07-01 00:45:38,890 - bin.NSD_Database - INFO - NSD_Database ready!
2020-07-01 00:45:38,894 - bin.NSD_Database - INFO - Accessing database..
2020-07-01 00:45:38,896 - bin.NSD_Database - DEBUG - Database(MongoClient(host=['127.0.0.1:27017'], document_class=dict, tz_aware=False, connect=True), 'detector_db')
2020-07-01 00:45:38,897 - bin.NSD_Database - INFO - NSD_Database ready!
2020-07-01 00:45:38,899 - bin.NSD_Database - INFO - Accessing database..
2020-07-01 00:45:38,899 - bin.NSD_Database - INFO - Accessing database..
2020-07-01 00:45:38,902 - bin.NSD_Database - INFO - Accessing database..
2020-07-01 00:45:38,902 - bin.NSD_Database - DEBUG - Database(MongoClient(host=['127.0.0.1:27017'], document_class=dict, tz_aware=False, connect=True), 'detector_db')
2020-07-01 00:45:38,902 - bin.NSD_Database - INFO - NSD_Database ready!
2020-07-01 00:45:38,902 - bin.NSD_Flow - DEBUG - get_flow_RTP: get packets from database..
2020-07-01 00:45:38,903 - bin.NSD_Database - DEBUG - Database(MongoClient(host=['127.0.0.1:27017'], document_class=dict, tz_aware=False, connect=True), 'detector_db')
2020-07-01 00:45:38,903 - bin.NSD_Database - INFO - NSD_Database ready!
2020-07-01 00:45:38,903 - bin.NSD_Database - INFO - Accessing database..
2020-07-01 00:45:38,906 - bin.NSD_Database - DEBUG - Database(MongoClient(host=['127.0.0.1:27017'], document_class=dict, tz_aware=False, connect=True), 'detector_db')
2020-07-01 00:45:38,906 - bin.NSD_Database - INFO - NSD_Database ready!
2020-07-01 00:45:38,907 - bin.NSD_Database - INFO - Accessing database..
2020-07-01 00:45:38,907 - bin.NSD_Database - INFO - Accessing database..
2020-07-01 00:45:38,907 - bin.NSD_Database - INFO - Accessing database..
2020-07-01 00:45:38,909 - bin.NSD_Database - DEBUG - Database(MongoClient(host=['127.0.0.1:27017'], document_class=dict, tz_aware=False, connect=True), 'detector_db')
2020-07-01 00:45:38,909 - bin.NSD_Database - INFO - NSD_Database ready!
2020-07-01 00:45:38,909 - bin.NSD_Flow - DEBUG - get_flow_TCP: get packets from database..
2020-07-01 00:45:38,910 - bin.NSD_Database - DEBUG - Database(MongoClient(host=['127.0.0.1:27017'], document_class=dict, tz_aware=False, connect=True), 'detector_db')
2020-07-01 00:45:38,910 - bin.NSD_Database - INFO - NSD_Database ready!
2020-07-01 00:45:38,911 - bin.NSD_Flow - DEBUG - Flow_ICMP: get packets from database..
2020-07-01 00:45:38,911 - bin.NSD_Database - INFO - Accessing database..
2020-07-01 00:45:38,913 - bin.NSD_Database - DEBUG - Database(MongoClient(host=['127.0.0.1:27017'], document_class=dict, tz_aware=False, connect=True), 'detector_db')
2020-07-01 00:45:38,913 - bin.NSD_Database - INFO - NSD_Database ready!
2020-07-01 00:45:38,914 - bin.NSD_Database - DEBUG - Database(MongoClient(host=['127.0.0.1:27017'], document_class=dict, tz_aware=False, connect=True), 'detector_db')
2020-07-01 00:45:38,914 - bin.NSD_Database - INFO - NSD_Database ready!
2020-07-01 00:45:38,914 - bin.NSD_ML - INFO - Evaluate: getting data set...
2020-07-01 00:45:38,915 - bin.NSD_Database - DEBUG - Database(MongoClient(host=['127.0.0.1:27017'], document_class=dict, tz_aware=False, connect=True), 'detector_db')
2020-07-01 00:45:38,916 - bin.NSD_Database - INFO - NSD_Database ready!
2020-07-01 00:45:38,916 - bin.NSD_Flow - DEBUG - get_flow_UDP: get packets from database..
2020-07-01 00:45:38,939 - bin.NSD_Flow - DEBUG - NSD_Flow: RTP: flow id 5eded906ad78cf4be82bdadc, category 2
2020-07-01 00:45:38,947 - bin.NSD_Flow - DEBUG - NSD_Flow: RTP: flow id 5efbc087a805c77ed0319db8, category 2
2020-07-01 00:45:38,948 - bin.NSD_Flow - DEBUG - NSD_Flow: RTP: flow id 5eded943ad78cf4be82bdcc1, category 2
2020-07-01 00:45:38,949 - bin.NSD_ML - INFO - Getting features for flow '5eded906ad78cf4be82bdadc'..
2020-07-01 00:45:38,950 - bin.NSD_Flow - DEBUG - NSD_Flow: RTP: flow id 5eded91c69a42af01a2bdcd0, category 2
2020-07-01 00:45:38,951 - bin.NSD_Flow - DEBUG - NSD_Flow: RTP: flow id 5eded9789464e0a3ef2bdcbf, category 2
2020-07-01 00:45:38,952 - bin.NSD_Flow - DEBUG - NSD_Flow: RTP: flow id 5eded906ad78cf4be82bdadb, category 2
2020-07-01 00:45:38,990 - bin.NSD_ML - INFO - Got features for flow '5eded906ad78cf4be82bdadc'
2020-07-01 00:45:38,990 - bin.NSD_ML - INFO - Evaluate: predicting for id '5eded906ad78cf4be82bdadc'..
2020-07-01 00:45:38,990 - bin.NSD_ML - INFO - Getting features for flow '5efbc087a805c77ed0319db8'..
2020-07-01 00:45:38,999 - bin.NSD_ML - ERROR - NSD_Flow '5efbc087a805c77ed0319db8' does not have enough traffic.
2020-07-01 00:45:39,000 - bin.NSD_ML - INFO - Getting features for flow '5eded943ad78cf4be82bdcc1'..
2020-07-01 00:45:39,006 - bin.NSD_ML - ERROR - NSD_Flow '5eded943ad78cf4be82bdcc1' does not have enough traffic.
2020-07-01 00:45:39,007 - bin.NSD_ML - INFO - Getting features for flow '5eded91c69a42af01a2bdcd0'..
2020-07-01 00:45:39,019 - bin.NSD_ML - ERROR - NSD_Flow '5eded91c69a42af01a2bdcd0' does not have enough traffic.
2020-07-01 00:45:39,019 - bin.NSD_ML - INFO - Getting features for flow '5eded9789464e0a3ef2bdcbf'..
2020-07-01 00:45:39,023 - bin.NSD_ML - ERROR - NSD_Flow '5eded9789464e0a3ef2bdcbf' does not have enough traffic.
2020-07-01 00:45:39,023 - bin.NSD_ML - INFO - Getting features for flow '5eded906ad78cf4be82bdadb'..
2020-07-01 00:45:39,046 - bin.NSD_ML - ERROR - NSD_Flow '5eded906ad78cf4be82bdadb' does not have enough traffic.
2020-07-01 00:45:40,210 - bin.NSD_ML - CRITICAL - NETWORK COVERT CHANNEL! With 0.9123106503303196 MCC metric, Source IP 192.168.22.155 and Destination IP 192.168.22.175, RTP
2020-07-01 00:45:40,211 - bin.NSD_ML - INFO - Evaluate: getting data set...
2020-07-01 00:46:08,693 - bin.NSD_Monitor - INFO - ------------------------ PACKET LIVE REPORT -------------------------
2020-07-01 00:46:08,693 - bin.NSD_Monitor - INFO - -- Read:
2020-07-01 00:46:08,693 - bin.NSD_Monitor - INFO -    TCP|UDP|RTP|ICMP|ERROR|TOTAL: 0|823|6|3|832
2020-07-01 00:46:08,693 - bin.NSD_Monitor - INFO - -- Inserted into the database:
2020-07-01 00:46:08,693 - bin.NSD_Monitor - INFO -    TCP|UDP|RTP|ICMP|ERROR|TOTAL: 0|687|136|0|823
2020-07-01 00:46:08,693 - bin.NSD_Monitor - INFO - -- Conversations identified:
2020-07-01 00:46:08,693 - bin.NSD_Monitor - INFO -    TCP|UDP|RTP|ICMP|TOTAL: 53|22|6|28
2020-07-01 00:46:08,693 - bin.NSD_Monitor - INFO - 
2020-07-01 00:46:29,737 - bin.NSD_Flow - DEBUG - NSD_Flow: RTP: flow id 5efbc0c015b583f1c3f0cb8b, category 2
2020-07-01 00:46:29,741 - bin.NSD_ML - INFO - Getting features for flow '5efbc0c015b583f1c3f0cb8b'..
2020-07-01 00:46:29,747 - bin.NSD_ML - ERROR - NSD_Flow '5efbc0c015b583f1c3f0cb8b' does not have enough traffic.
2020-07-01 00:46:38,778 - bin.NSD_Monitor - INFO - ------------------------ PACKET LIVE REPORT -------------------------
2020-07-01 00:46:38,778 - bin.NSD_Monitor - INFO - -- Read:
2020-07-01 00:46:38,778 - bin.NSD_Monitor - INFO -    TCP|UDP|RTP|ICMP|ERROR|TOTAL: 420|3824|10|13|4267
2020-07-01 00:46:38,778 - bin.NSD_Monitor - INFO - -- Inserted into the database:
2020-07-01 00:46:38,778 - bin.NSD_Monitor - INFO -    TCP|UDP|RTP|ICMP|ERROR|TOTAL: 420|3211|613|0|4244
2020-07-01 00:46:38,778 - bin.NSD_Monitor - INFO - -- Conversations identified:
2020-07-01 00:46:38,778 - bin.NSD_Monitor - INFO -    TCP|UDP|RTP|ICMP|TOTAL: 95|37|7|34
2020-07-01 00:46:38,778 - bin.NSD_Monitor - INFO - 
2020-07-01 00:47:02,618 - bin.NSD_Packets_Processor - INFO - Closing TCP process..
2020-07-01 00:47:02,618 - bin.NSD_Packets_Processor - INFO - Closing ICMP process..
2020-07-01 00:47:02,618 - bin.NSD_Packets_Processor - INFO - Closing UDP process..
2020-07-01 00:47:02,618 - bin.NSD_Packets_Processor - INFO - Closing TCP process..
2020-07-01 00:47:02,618 - bin.NSD_Packets_Processor - INFO - Closing UDP process..
2020-07-01 00:47:02,619 - bin.NSD_Packets_Processor - INFO - Closing TCP process..
2020-07-01 00:47:02,619 - bin.NSD_Packets_Processor - INFO - Closing TCP process..
2020-07-01 00:47:02,619 - bin.NSD_Packets_Processor - INFO - Closing UDP process..
2020-07-01 00:47:02,619 - bin.NSD_Packets_Processor - INFO - Closing TCP process..
2020-07-01 00:47:02,619 - bin.NSD_Packets_Processor - INFO - Closing TCP process..
2020-07-01 00:47:02,619 - bin.NSD_Packets_Processor - INFO - Closing UDP process..
2020-07-01 00:47:02,619 - bin.NSD_Packets_Processor - INFO - Closing TCP process..
2020-07-01 00:47:02,619 - bin.NSD_Packets_Processor - INFO - Closing TCP process..
2020-07-01 00:47:02,619 - bin.NSD_Packets_Processor - INFO - Closing UDP process..
2020-07-01 00:47:02,619 - bin.NSD_Packets_Processor - INFO - Closing TCP process..
2020-07-01 00:47:02,619 - bin.NSD_Packets_Processor - INFO - Closing TCP process..
